0 info it worked if it ends with ok
1 verbose cli [ '/usr/local/Cellar/node/7.7.3/bin/node',
1 verbose cli   '/usr/local/lib/node_modules/npm/bin/npm-cli.js',
1 verbose cli   'run',
1 verbose cli   'cp-publish',
1 verbose cli   '--scripts-prepend-node-path' ]
2 info using npm@4.1.2
3 info using node@v7.7.3
4 verbose run-script [ 'precp-publish', 'cp-publish', 'postcp-publish' ]
5 info lifecycle jbzwebsdk@1.0.50~precp-publish: jbzwebsdk@1.0.50
6 silly lifecycle jbzwebsdk@1.0.50~precp-publish: no script for precp-publish, continuing
7 info lifecycle jbzwebsdk@1.0.50~cp-publish: jbzwebsdk@1.0.50
8 verbose lifecycle jbzwebsdk@1.0.50~cp-publish: unsafe-perm in lifecycle true
9 verbose lifecycle jbzwebsdk@1.0.50~cp-publish: PATH: /usr/local/lib/node_modules/npm/bin/node-gyp-bin:/Users/cuppi/Desktop/IDouPiao/sdktester/src/jbzwebsdk/node_modules/.bin:/usr/local/Cellar/node/7.7.3/bin:/Users/cuppi/cuppi_perl/:/Users/cuppi/Library/Android/sdk/platform-tools/:/Users/cuppi/Downloads/cocos2d-x-3.11.1/templates:/Users/cuppi/Downloads:/Users/cuppi/Downloads/cocos2d-x-3.11.1/tools/cocos2d-console/bin:/usr/local/bin:/usr/bin:/bin:/usr/sbin:/sbin
10 verbose lifecycle jbzwebsdk@1.0.50~cp-publish: CWD: /Users/cuppi/Desktop/IDouPiao/sdktester/src/jbzwebsdk
11 silly lifecycle jbzwebsdk@1.0.50~cp-publish: Args: [ '-c',
11 silly lifecycle   'npm_use_registry --default && npm publish && npm_use_registry --inland' ]
12 silly lifecycle jbzwebsdk@1.0.50~cp-publish: Returned: code: 1  signal: null
13 info lifecycle jbzwebsdk@1.0.50~cp-publish: Failed to exec cp-publish script
14 verbose stack Error: jbzwebsdk@1.0.50 cp-publish: `npm_use_registry --default && npm publish && npm_use_registry --inland`
14 verbose stack Exit status 1
14 verbose stack     at EventEmitter.<anonymous> (/usr/local/lib/node_modules/npm/lib/utils/lifecycle.js:279:16)
14 verbose stack     at emitTwo (events.js:106:13)
14 verbose stack     at EventEmitter.emit (events.js:194:7)
14 verbose stack     at ChildProcess.<anonymous> (/usr/local/lib/node_modules/npm/lib/utils/spawn.js:40:14)
14 verbose stack     at emitTwo (events.js:106:13)
14 verbose stack     at ChildProcess.emit (events.js:194:7)
14 verbose stack     at maybeClose (internal/child_process.js:899:16)
14 verbose stack     at Process.ChildProcess._handle.onexit (internal/child_process.js:226:5)
15 verbose pkgid jbzwebsdk@1.0.50
16 verbose cwd /Users/cuppi/Desktop/IDouPiao/sdktester/src/jbzwebsdk
17 error Darwin 16.1.0
18 error argv "/usr/local/Cellar/node/7.7.3/bin/node" "/usr/local/lib/node_modules/npm/bin/npm-cli.js" "run" "cp-publish" "--scripts-prepend-node-path"
19 error node v7.7.3
20 error npm  v4.1.2
21 error code ELIFECYCLE
22 error jbzwebsdk@1.0.50 cp-publish: `npm_use_registry --default && npm publish && npm_use_registry --inland`
22 error Exit status 1
23 error Failed at the jbzwebsdk@1.0.50 cp-publish script 'npm_use_registry --default && npm publish && npm_use_registry --inland'.
23 error Make sure you have the latest version of node.js and npm installed.
23 error If you do, this is most likely a problem with the jbzwebsdk package,
23 error not with npm itself.
23 error Tell the author that this fails on your system:
23 error     npm_use_registry --default && npm publish && npm_use_registry --inland
23 error You can get information on how to open an issue for this project with:
23 error     npm bugs jbzwebsdk
23 error Or if that isn't available, you can get their info via:
23 error     npm owner ls jbzwebsdk
23 error There is likely additional logging output above.
24 verbose exit [ 1, true ]
